mode: set
github.com/ammiranda/otf_api/otf_api/auth.go:37.9,38.19 1 1
github.com/ammiranda/otf_api/otf_api/auth.go:38.19,40.3 1 1
github.com/ammiranda/otf_api/otf_api/auth.go:42.2,46.16 2 1
github.com/ammiranda/otf_api/otf_api/auth.go:46.16,48.3 1 1
github.com/ammiranda/otf_api/otf_api/auth.go:50.2,51.12 2 1
github.com/ammiranda/otf_api/otf_api/auth.go:55.57,56.26 1 1
github.com/ammiranda/otf_api/otf_api/auth.go:56.26,58.3 1 1
github.com/ammiranda/otf_api/otf_api/auth.go:60.2,61.16 2 1
github.com/ammiranda/otf_api/otf_api/auth.go:61.16,63.3 1 1
github.com/ammiranda/otf_api/otf_api/auth.go:65.2,66.12 2 1
github.com/ammiranda/otf_api/otf_api/auth.go:70.52,72.2 1 1
github.com/ammiranda/otf_api/otf_api/auth.go:74.52,77.31 3 1
github.com/ammiranda/otf_api/otf_api/auth.go:77.31,79.3 1 1
github.com/ammiranda/otf_api/otf_api/auth.go:84.34,85.19 1 1
github.com/ammiranda/otf_api/otf_api/auth.go:85.19,87.3 1 1
github.com/ammiranda/otf_api/otf_api/auth.go:88.2,88.84 1 1
github.com/ammiranda/otf_api/otf_api/auth.go:88.84,90.3 1 1
github.com/ammiranda/otf_api/otf_api/auth.go:91.2,91.14 1 1
github.com/ammiranda/otf_api/otf_api/auth.go:96.41,98.53 2 1
github.com/ammiranda/otf_api/otf_api/auth.go:98.53,100.3 1 1
github.com/ammiranda/otf_api/otf_api/auth.go:101.2,101.25 1 1
github.com/ammiranda/otf_api/otf_api/auth.go:101.25,103.3 1 1
github.com/ammiranda/otf_api/otf_api/auth.go:104.2,104.35 1 1
github.com/ammiranda/otf_api/otf_api/auth.go:104.35,106.3 1 1
github.com/ammiranda/otf_api/otf_api/auth.go:111.56,113.21 2 1
github.com/ammiranda/otf_api/otf_api/auth.go:113.21,115.3 1 1
github.com/ammiranda/otf_api/otf_api/auth.go:117.2,118.16 2 1
github.com/ammiranda/otf_api/otf_api/auth.go:118.16,120.3 1 1
github.com/ammiranda/otf_api/otf_api/auth.go:122.2,125.57 2 1
github.com/ammiranda/otf_api/otf_api/auth.go:125.57,127.3 1 1
github.com/ammiranda/otf_api/otf_api/auth.go:129.2,129.38 1 1
github.com/ammiranda/otf_api/otf_api/booking.go:91.9,93.16 2 0
github.com/ammiranda/otf_api/otf_api/booking.go:93.16,95.3 1 0
github.com/ammiranda/otf_api/otf_api/booking.go:98.2,99.16 2 0
github.com/ammiranda/otf_api/otf_api/booking.go:99.16,101.3 1 0
github.com/ammiranda/otf_api/otf_api/booking.go:102.2,103.16 2 0
github.com/ammiranda/otf_api/otf_api/booking.go:103.16,105.3 1 0
github.com/ammiranda/otf_api/otf_api/booking.go:107.2,117.16 10 0
github.com/ammiranda/otf_api/otf_api/booking.go:117.16,119.3 1 0
github.com/ammiranda/otf_api/otf_api/booking.go:120.2,120.15 1 0
github.com/ammiranda/otf_api/otf_api/booking.go:120.15,121.52 1 0
github.com/ammiranda/otf_api/otf_api/booking.go:121.52,122.18 1 0
github.com/ammiranda/otf_api/otf_api/booking.go:122.18,124.5 1 0
github.com/ammiranda/otf_api/otf_api/booking.go:124.10,126.5 1 0
github.com/ammiranda/otf_api/otf_api/booking.go:130.2,130.77 1 0
github.com/ammiranda/otf_api/otf_api/booking.go:130.77,134.67 2 0
github.com/ammiranda/otf_api/otf_api/booking.go:134.67,136.18 2 0
github.com/ammiranda/otf_api/otf_api/booking.go:136.18,138.5 1 0
github.com/ammiranda/otf_api/otf_api/booking.go:139.4,139.17 1 0
github.com/ammiranda/otf_api/otf_api/booking.go:139.17,140.45 1 0
github.com/ammiranda/otf_api/otf_api/booking.go:140.45,142.5 1 0
github.com/ammiranda/otf_api/otf_api/booking.go:144.4,144.23 1 0
github.com/ammiranda/otf_api/otf_api/booking.go:147.3,148.17 2 0
github.com/ammiranda/otf_api/otf_api/booking.go:148.17,150.4 1 0
github.com/ammiranda/otf_api/otf_api/booking.go:152.3,152.116 1 0
github.com/ammiranda/otf_api/otf_api/booking.go:155.2,155.12 1 0
github.com/ammiranda/otf_api/otf_api/booking.go:162.9,164.16 2 0
github.com/ammiranda/otf_api/otf_api/booking.go:164.16,166.3 1 0
github.com/ammiranda/otf_api/otf_api/booking.go:167.2,168.16 2 0
github.com/ammiranda/otf_api/otf_api/booking.go:168.16,170.3 1 0
github.com/ammiranda/otf_api/otf_api/booking.go:172.2,178.16 6 0
github.com/ammiranda/otf_api/otf_api/booking.go:178.16,180.3 1 0
github.com/ammiranda/otf_api/otf_api/booking.go:181.2,181.15 1 0
github.com/ammiranda/otf_api/otf_api/booking.go:181.15,182.52 1 0
github.com/ammiranda/otf_api/otf_api/booking.go:182.52,184.4 1 0
github.com/ammiranda/otf_api/otf_api/booking.go:187.2,187.79 1 0
github.com/ammiranda/otf_api/otf_api/booking.go:187.79,189.17 2 0
github.com/ammiranda/otf_api/otf_api/booking.go:189.17,191.4 1 0
github.com/ammiranda/otf_api/otf_api/booking.go:192.3,192.115 1 0
github.com/ammiranda/otf_api/otf_api/booking.go:195.2,195.12 1 0
github.com/ammiranda/otf_api/otf_api/booking.go:204.29,206.16 2 0
github.com/ammiranda/otf_api/otf_api/booking.go:206.16,208.3 1 0
github.com/ammiranda/otf_api/otf_api/booking.go:211.2,219.16 7 0
github.com/ammiranda/otf_api/otf_api/booking.go:219.16,221.3 1 0
github.com/ammiranda/otf_api/otf_api/booking.go:223.2,229.16 6 0
github.com/ammiranda/otf_api/otf_api/booking.go:229.16,231.3 1 0
github.com/ammiranda/otf_api/otf_api/booking.go:232.2,232.15 1 0
github.com/ammiranda/otf_api/otf_api/booking.go:232.15,233.52 1 0
github.com/ammiranda/otf_api/otf_api/booking.go:233.52,235.4 1 0
github.com/ammiranda/otf_api/otf_api/booking.go:238.2,238.37 1 0
github.com/ammiranda/otf_api/otf_api/booking.go:238.37,240.17 2 0
github.com/ammiranda/otf_api/otf_api/booking.go:240.17,242.4 1 0
github.com/ammiranda/otf_api/otf_api/booking.go:243.3,243.126 1 0
github.com/ammiranda/otf_api/otf_api/booking.go:246.2,247.16 2 0
github.com/ammiranda/otf_api/otf_api/booking.go:247.16,249.3 1 0
github.com/ammiranda/otf_api/otf_api/booking.go:252.2,253.56 2 0
github.com/ammiranda/otf_api/otf_api/booking.go:253.56,255.3 1 0
github.com/ammiranda/otf_api/otf_api/booking.go:257.2,257.28 1 0
github.com/ammiranda/otf_api/otf_api/cognito.go:20.70,25.2 1 1
github.com/ammiranda/otf_api/otf_api/cognito.go:55.118,66.16 3 1
github.com/ammiranda/otf_api/otf_api/cognito.go:66.16,68.3 1 0
github.com/ammiranda/otf_api/otf_api/cognito.go:70.2,71.16 2 1
github.com/ammiranda/otf_api/otf_api/cognito.go:71.16,73.3 1 0
github.com/ammiranda/otf_api/otf_api/cognito.go:75.2,81.16 3 1
github.com/ammiranda/otf_api/otf_api/cognito.go:81.16,83.3 1 0
github.com/ammiranda/otf_api/otf_api/cognito.go:84.2,84.15 1 1
github.com/ammiranda/otf_api/otf_api/cognito.go:84.15,85.52 1 1
github.com/ammiranda/otf_api/otf_api/cognito.go:85.52,87.4 1 0
github.com/ammiranda/otf_api/otf_api/cognito.go:90.2,91.70 2 1
github.com/ammiranda/otf_api/otf_api/cognito.go:91.70,93.3 1 0
github.com/ammiranda/otf_api/otf_api/cognito.go:95.2,95.51 1 1
github.com/ammiranda/otf_api/otf_api/cognito.go:95.51,97.3 1 1
github.com/ammiranda/otf_api/otf_api/cognito.go:99.2,103.51 2 1
github.com/ammiranda/otf_api/otf_api/cognito.go:103.51,105.3 1 1
github.com/ammiranda/otf_api/otf_api/cognito.go:107.2,107.20 1 1
github.com/ammiranda/otf_api/otf_api/cognito.go:110.107,120.16 3 1
github.com/ammiranda/otf_api/otf_api/cognito.go:120.16,122.3 1 0
github.com/ammiranda/otf_api/otf_api/cognito.go:124.2,125.16 2 1
github.com/ammiranda/otf_api/otf_api/cognito.go:125.16,127.3 1 0
github.com/ammiranda/otf_api/otf_api/cognito.go:129.2,135.16 3 1
github.com/ammiranda/otf_api/otf_api/cognito.go:135.16,137.3 1 0
github.com/ammiranda/otf_api/otf_api/cognito.go:138.2,138.15 1 1
github.com/ammiranda/otf_api/otf_api/cognito.go:138.15,139.42 1 1
github.com/ammiranda/otf_api/otf_api/cognito.go:139.42,141.4 1 0
github.com/ammiranda/otf_api/otf_api/cognito.go:144.2,145.70 2 1
github.com/ammiranda/otf_api/otf_api/cognito.go:145.70,147.3 1 0
github.com/ammiranda/otf_api/otf_api/cognito.go:149.2,149.51 1 1
github.com/ammiranda/otf_api/otf_api/cognito.go:149.51,151.3 1 1
github.com/ammiranda/otf_api/otf_api/cognito.go:153.2,156.51 2 1
github.com/ammiranda/otf_api/otf_api/cognito.go:156.51,158.3 1 1
github.com/ammiranda/otf_api/otf_api/cognito.go:160.2,160.20 1 1
github.com/ammiranda/otf_api/otf_api/config.go:22.44,24.16 2 1
github.com/ammiranda/otf_api/otf_api/config.go:24.16,26.3 1 0
github.com/ammiranda/otf_api/otf_api/config.go:27.2,28.56 2 1
github.com/ammiranda/otf_api/otf_api/config.go:28.56,30.3 1 0
github.com/ammiranda/otf_api/otf_api/config.go:31.2,31.57 1 1
github.com/ammiranda/otf_api/otf_api/config.go:34.40,37.16 3 1
github.com/ammiranda/otf_api/otf_api/config.go:37.16,39.3 1 1
github.com/ammiranda/otf_api/otf_api/config.go:40.2,41.16 2 1
github.com/ammiranda/otf_api/otf_api/config.go:41.16,42.25 1 1
github.com/ammiranda/otf_api/otf_api/config.go:42.25,44.4 1 1
github.com/ammiranda/otf_api/otf_api/config.go:45.3,45.57 1 1
github.com/ammiranda/otf_api/otf_api/config.go:47.2,47.54 1 1
github.com/ammiranda/otf_api/otf_api/config.go:47.54,49.3 1 1
github.com/ammiranda/otf_api/otf_api/config.go:50.2,50.20 1 1
github.com/ammiranda/otf_api/otf_api/config.go:53.41,55.16 2 1
github.com/ammiranda/otf_api/otf_api/config.go:55.16,57.3 1 1
github.com/ammiranda/otf_api/otf_api/config.go:58.2,59.16 2 1
github.com/ammiranda/otf_api/otf_api/config.go:59.16,61.3 1 0
github.com/ammiranda/otf_api/otf_api/config.go:62.2,62.39 1 1
github.com/ammiranda/otf_api/otf_api/config.go:65.38,67.18 2 1
github.com/ammiranda/otf_api/otf_api/config.go:67.18,69.3 1 1
github.com/ammiranda/otf_api/otf_api/config.go:71.2,72.20 2 1
github.com/ammiranda/otf_api/otf_api/config.go:72.20,74.3 1 1
github.com/ammiranda/otf_api/otf_api/config.go:75.2,75.20 1 1
github.com/ammiranda/otf_api/otf_api/config.go:78.43,81.16 3 1
github.com/ammiranda/otf_api/otf_api/config.go:81.16,83.3 1 1
github.com/ammiranda/otf_api/otf_api/config.go:84.2,84.62 1 1
github.com/ammiranda/otf_api/otf_api/config.go:84.62,86.3 1 1
github.com/ammiranda/otf_api/otf_api/config.go:87.2,87.20 1 1
github.com/ammiranda/otf_api/otf_api/config.go:90.41,91.46 1 1
github.com/ammiranda/otf_api/otf_api/config.go:91.46,93.3 1 1
github.com/ammiranda/otf_api/otf_api/config.go:94.2,94.27 1 1
github.com/ammiranda/otf_api/otf_api/config.go:97.44,99.16 2 1
github.com/ammiranda/otf_api/otf_api/config.go:99.16,101.3 1 0
github.com/ammiranda/otf_api/otf_api/config.go:102.2,102.62 1 1
github.com/ammiranda/otf_api/otf_api/keyring.go:8.61,10.2 1 0
github.com/ammiranda/otf_api/otf_api/keyring.go:12.58,14.2 1 0
github.com/ammiranda/otf_api/otf_api/keyring.go:16.54,18.2 1 0
github.com/ammiranda/otf_api/otf_api/middleware.go:11.85,13.2 1 1
github.com/ammiranda/otf_api/otf_api/middleware.go:17.79,18.15 1 1
github.com/ammiranda/otf_api/otf_api/middleware.go:18.15,20.3 1 1
github.com/ammiranda/otf_api/otf_api/middleware.go:22.2,22.32 1 1
github.com/ammiranda/otf_api/otf_api/middleware.go:22.32,24.3 1 1
github.com/ammiranda/otf_api/otf_api/middleware.go:26.2,26.11 1 1
github.com/ammiranda/otf_api/otf_api/middleware.go:29.53,30.54 1 1
github.com/ammiranda/otf_api/otf_api/middleware.go:30.54,31.79 1 1
github.com/ammiranda/otf_api/otf_api/middleware.go:31.79,34.21 2 1
github.com/ammiranda/otf_api/otf_api/middleware.go:34.21,36.5 1 0
github.com/ammiranda/otf_api/otf_api/middleware.go:38.4,40.28 2 1
github.com/ammiranda/otf_api/otf_api/middleware.go:50.43,51.54 1 1
github.com/ammiranda/otf_api/otf_api/middleware.go:51.54,52.79 1 1
github.com/ammiranda/otf_api/otf_api/middleware.go:52.79,57.18 4 1
github.com/ammiranda/otf_api/otf_api/middleware.go:57.18,59.5 1 0
github.com/ammiranda/otf_api/otf_api/middleware.go:61.4,61.73 1 1
github.com/ammiranda/otf_api/otf_api/middleware.go:61.73,62.46 1 1
github.com/ammiranda/otf_api/otf_api/middleware.go:62.46,63.45 1 1
github.com/ammiranda/otf_api/otf_api/middleware.go:63.45,65.6 1 0
github.com/ammiranda/otf_api/otf_api/middleware.go:67.6,67.71 1 1
github.com/ammiranda/otf_api/otf_api/middleware.go:67.71,69.7 1 1
github.com/ammiranda/otf_api/otf_api/middleware.go:71.6,75.33 4 1
github.com/ammiranda/otf_api/otf_api/middleware.go:79.4,79.19 1 1
github.com/ammiranda/otf_api/otf_api/otf_api.go:30.35,35.20 5 0
github.com/ammiranda/otf_api/otf_api/otf_api.go:35.20,37.3 1 0
github.com/ammiranda/otf_api/otf_api/otf_api.go:39.2,39.57 1 0
github.com/ammiranda/otf_api/otf_api/otf_api.go:39.57,41.3 1 0
github.com/ammiranda/otf_api/otf_api/otf_api.go:43.2,53.15 3 0
github.com/ammiranda/otf_api/otf_api/schedule.go:72.35,79.16 4 0
github.com/ammiranda/otf_api/otf_api/schedule.go:79.16,81.3 1 0
github.com/ammiranda/otf_api/otf_api/schedule.go:83.2,84.16 2 0
github.com/ammiranda/otf_api/otf_api/schedule.go:84.16,86.3 1 0
github.com/ammiranda/otf_api/otf_api/schedule.go:88.2,88.15 1 0
github.com/ammiranda/otf_api/otf_api/schedule.go:88.15,90.17 2 0
github.com/ammiranda/otf_api/otf_api/schedule.go:90.17,92.4 1 0
github.com/ammiranda/otf_api/otf_api/schedule.go:95.2,97.16 3 0
github.com/ammiranda/otf_api/otf_api/schedule.go:97.16,99.3 1 0
github.com/ammiranda/otf_api/otf_api/schedule.go:101.2,101.24 1 0
github.com/ammiranda/otf_api/otf_api/schedule.go:106.46,110.16 3 0
github.com/ammiranda/otf_api/otf_api/schedule.go:110.16,113.3 2 0
github.com/ammiranda/otf_api/otf_api/schedule.go:115.2,116.16 2 0
github.com/ammiranda/otf_api/otf_api/schedule.go:116.16,119.3 2 0
github.com/ammiranda/otf_api/otf_api/schedule.go:120.2,120.15 1 0
github.com/ammiranda/otf_api/otf_api/schedule.go:120.15,121.52 1 0
github.com/ammiranda/otf_api/otf_api/schedule.go:121.52,122.18 1 0
github.com/ammiranda/otf_api/otf_api/schedule.go:122.18,124.5 1 0
github.com/ammiranda/otf_api/otf_api/schedule.go:124.10,126.5 1 0
github.com/ammiranda/otf_api/otf_api/schedule.go:130.2,131.82 2 0
github.com/ammiranda/otf_api/otf_api/schedule.go:131.82,134.3 2 0
github.com/ammiranda/otf_api/otf_api/schedule.go:135.2,136.8 2 0
github.com/ammiranda/otf_api/otf_api/studios.go:65.32,80.16 4 0
github.com/ammiranda/otf_api/otf_api/studios.go:80.16,82.3 1 0
github.com/ammiranda/otf_api/otf_api/studios.go:84.2,85.16 2 0
github.com/ammiranda/otf_api/otf_api/studios.go:85.16,87.3 1 0
github.com/ammiranda/otf_api/otf_api/studios.go:88.2,88.15 1 0
github.com/ammiranda/otf_api/otf_api/studios.go:88.15,90.17 2 0
github.com/ammiranda/otf_api/otf_api/studios.go:90.17,92.4 1 0
github.com/ammiranda/otf_api/otf_api/studios.go:95.2,97.16 3 0
github.com/ammiranda/otf_api/otf_api/studios.go:97.16,99.3 1 0
github.com/ammiranda/otf_api/otf_api/studios.go:101.2,101.24 1 0
github.com/ammiranda/otf_api/otf_api/studios.go:104.33,106.2 1 0
